<?xml version="1.0" encoding="UTF-8"?>
<!-- Generated by org.testng.reporters.JUnitReportReporter -->
<testsuite hostname="CO-IT022467" failures="0" tests="1" name="com.globant.AppTest" time="0.014" errors="0" timestamp="2022-11-07T22:45:58 COT" skipped="0">
  <testcase classname="com.globant.AppTest" name="shouldAnswerWithTrue" time="0.014"/>
  <system-out/>
</testsuite> <!-- com.globant.AppTest -->
